#
# There is insufficient memory for the Java Runtime Environment to continue.
# Native memory allocation (mmap) failed to map 2097152 bytes for G1 virtual space
# Possible reasons:
#   The system is out of physical RAM or swap space
#   The process is running with CompressedOops enabled, and the Java Heap may be blocking the growth of the native heap
# Possible solutions:
#   Reduce memory load on the system
#   Increase physical memory or swap space
#   Check if swap backing store is full
#   Decrease Java heap size (-Xmx/-Xms)
#   Decrease number of Java threads
#   Decrease Java thread stack sizes (-Xss)
#   Set larger code cache with -XX:ReservedCodeCacheSize=
#   JVM is running with Unscaled Compressed Oops mode in which the Java heap is
#     placed in the first 4GB address space. The Java Heap base address is the
#     maximum limit for the native heap growth. Please use -XX:HeapBaseMinAddress
#     to set the Java Heap base and to place the Java Heap above 4GB virtual address.
# This output file may be truncated or incomplete.
#
#  Out of Memory Error (./open/src/hotspot/os/windows/os_windows.cpp:3472), pid=3952, tid=11060
#
# JRE version:  (15.0.1+9) (build )
# Java VM: Java HotSpot(TM) 64-Bit Server VM (15.0.1+9-18, mixed mode, sharing, tiered, compressed oops, g1 gc, windows-amd64)
# No core dump will be written. Minidumps are not enabled by default on client versions of Windows
#

---------------  S U M M A R Y ------------

Command Line: -Dfile.encoding=UTF-8 --module-path=C:\Users\Ricardo\Documents\NetBeansProjects\myLibrary\build\classes mylibrary.Login

Host: Intel(R) Core(TM) i7-10750H CPU @ 2.60GHz, 4 cores, 7G,  Windows 10 , 64 bit Build 19041 (10.0.19041.804)
Time: Thu Mar 11 12:52:08 2021 Hora estándar central (México) elapsed time: 0.021692 seconds (0d 0h 0m 0s)

---------------  T H R E A D  ---------------

Current thread (0x0000028f5905fc30):  JavaThread "Unknown thread" [_thread_in_vm, id=11060, stack(0x000000ffd8700000,0x000000ffd8800000)]

Stack: [0x000000ffd8700000,0x000000ffd8800000]
Native frames: (J=compiled Java code, j=interpreted, Vv=VM code, C=native code)
V  [jvm.dll+0x62ae9a]
V  [jvm.dll+0x781389]
V  [jvm.dll+0x782ae3]
V  [jvm.dll+0x783143]
V  [jvm.dll+0x216265]
V  [jvm.dll+0x6281d9]
V  [jvm.dll+0x61cd15]
V  [jvm.dll+0x2d01fd]
V  [jvm.dll+0x2d0062]
V  [jvm.dll+0x2d603c]
V  [jvm.dll+0x325b3d]
V  [jvm.dll+0x3251f4]
V  [jvm.dll+0x2a717a]
V  [jvm.dll+0x2a8318]
V  [jvm.dll+0x75e101]
V  [jvm.dll+0x3343e4]
V  [jvm.dll+0x73e826]
V  [jvm.dll+0x3b7777]
V  [jvm.dll+0x3b9201]
C  [jli.dll+0x52fb]
C  [ucrtbase.dll+0x21bb2]
C  [KERNEL32.DLL+0x17034]
C  [ntdll.dll+0x4d241]


---------------  P R O C E S S  ---------------

Threads class SMR info:
_java_thread_list=0x00007fff2a344ff0, length=0, elements={
}

Java Threads: ( => current thread )

Other Threads:
  0x0000028f590a07c0 GCTaskThread "GC Thread#0" [stack: 0x000000ffd8800000,0x000000ffd8900000] [id=6544]
  0x0000028f590b1a90 ConcurrentGCThread "G1 Main Marker" [stack: 0x000000ffd8900000,0x000000ffd8a00000] [id=1400]
  0x0000028f590b3710 ConcurrentGCThread "G1 Conc#0" [stack: 0x000000ffd8a00000,0x000000ffd8b00000] [id=10972]

[error occurred during error reporting (printing all threads), id 0xc0000005, EXCEPTION_ACCESS_VIOLATION (0xc0000005) at pc=0x00007fff29b38047]

VM state: not at safepoint (not fully initialized)

VM Mutex/Monitor currently owned by a thread:  ([mutex/lock_event])
[0x0000028f5905b2f0] Heap_lock - owner thread: 0x0000028f5905fc30

Heap address: 0x0000000080000000, size: 2048 MB, Compressed Oops mode: 32-bit
CDS archive(s) mapped at: [0x0000000000000000-0x0000000000000000-0x0000000000000000), size 0, SharedBaseAddress: 0x0000000800000000, ArchiveRelocationMode: 0.
Narrow klass base: 0x0000000000000000, Narrow klass shift: 0, Narrow klass range: 0x0

Heap:
 garbage-first heap   total 131072K, used 0K [0x0000000080000000, 0x0000000100000000)
  region size 1024K, 0 young (0K), 0 survivors (0K)
 Metaspace       used 0K, capacity 0K, committed 0K, reserved 0K
  class space    used 0K, capacity 0K, committed 0K, reserved 0K

Heap Regions: E=young(eden), S=young(survivor), O=old, HS=humongous(starts), HC=humongous(continues), CS=collection set, F=free, OA=open archive, CA=closed archive, TAMS=top-at-mark-start (previous, next)

Card table byte_map: [0x0000028f724c0000,0x0000028f728c0000] _byte_map_base: 0x0000028f720c0000

Marking Bits (Prev, Next): (CMBitMap*) 0x0000028f590a1030, (CMBitMap*) 0x0000028f590a1070
 Prev Bits: [0x0000028f72cc0000, 0x0000028f74cc0000)
 Next Bits: [0x0000028f74cc0000, 0x0000028f76cc0000)

GC Heap History (0 events):
No events

Deoptimization events (0 events):
No events

Classes unloaded (0 events):
No events

Classes redefined (0 events):
No events

Internal exceptions (0 events):
No events

Events (1 events):
Event: 0.010 Loaded shared library C:\Program Files\Java\jdk-15.0.1\bin\java.dll


Dynamic libraries:
0x00007ff6c5db0000 - 0x00007ff6c5dbf000 	C:\Program Files\Java\jdk-15.0.1\bin\java.exe
0x00007fff5f570000 - 0x00007fff5f766000 	C:\WINDOWS\SYSTEM32\ntdll.dll
0x00007fff5d710000 - 0x00007fff5d7cd000 	C:\WINDOWS\System32\KERNEL32.DLL
0x00007fff5cef0000 - 0x00007fff5d1b9000 	C:\WINDOWS\System32\KERNELBASE.dll
0x00007fff5cd90000 - 0x00007fff5ce90000 	C:\WINDOWS\System32\ucrtbase.dll
0x00007fff589a0000 - 0x00007fff589b9000 	C:\Program Files\Java\jdk-15.0.1\bin\VCRUNTIME140.dll
0x00007fff536c0000 - 0x00007fff536d8000 	C:\Program Files\Java\jdk-15.0.1\bin\jli.dll
0x00007fff5ef90000 - 0x00007fff5f03c000 	C:\WINDOWS\System32\ADVAPI32.dll
0x00007fff5f040000 - 0x00007fff5f0de000 	C:\WINDOWS\System32\msvcrt.dll
0x00007fff5f1f0000 - 0x00007fff5f28c000 	C:\WINDOWS\System32\sechost.dll
0x00007fff5d8f0000 - 0x00007fff5da1b000 	C:\WINDOWS\System32\RPCRT4.dll
0x00007fff5ebc0000 - 0x00007fff5ed60000 	C:\WINDOWS\System32\USER32.dll
0x00007fff5d5a0000 - 0x00007fff5d5c2000 	C:\WINDOWS\System32\win32u.dll
0x00007fff5d8c0000 - 0x00007fff5d8ea000 	C:\WINDOWS\System32\GDI32.dll
0x00007fff4caa0000 - 0x00007fff4cd3b000 	C:\WINDOWS\WinSxS\amd64_microsoft.windows.common-controls_6595b64144ccf1df_6.0.19041.746_none_ca02b4b61b8320a4\COMCTL32.dll
0x00007fff5d260000 - 0x00007fff5d36b000 	C:\WINDOWS\System32\gdi32full.dll
0x00007fff5d1c0000 - 0x00007fff5d25d000 	C:\WINDOWS\System32\msvcp_win.dll
0x00007fff52fc0000 - 0x00007fff52fca000 	C:\WINDOWS\SYSTEM32\VERSION.dll
0x00007fff5d7d0000 - 0x00007fff5d800000 	C:\WINDOWS\System32\IMM32.DLL
0x00007fff58990000 - 0x00007fff5899c000 	C:\Program Files\Java\jdk-15.0.1\bin\vcruntime140_1.dll
0x00007fff3a450000 - 0x00007fff3a4e1000 	C:\Program Files\Java\jdk-15.0.1\bin\msvcp140.dll
0x00007fff29880000 - 0x00007fff2a3de000 	C:\Program Files\Java\jdk-15.0.1\bin\server\jvm.dll
0x00007fff5f290000 - 0x00007fff5f298000 	C:\WINDOWS\System32\PSAPI.DLL
0x00007fff4cd40000 - 0x00007fff4cd49000 	C:\WINDOWS\SYSTEM32\WSOCK32.dll
0x00007fff5ee00000 - 0x00007fff5ee6b000 	C:\WINDOWS\System32\WS2_32.dll
0x00007fff52f90000 - 0x00007fff52fb7000 	C:\WINDOWS\SYSTEM32\WINMM.dll
0x00007fff5ac20000 - 0x00007fff5ac32000 	C:\WINDOWS\SYSTEM32\kernel.appcore.dll
0x00007fff483d0000 - 0x00007fff483da000 	C:\Program Files\Java\jdk-15.0.1\bin\jimage.dll
0x00007fff4cdc0000 - 0x00007fff4cfa4000 	C:\WINDOWS\SYSTEM32\DBGHELP.DLL
0x00007fff4c1c0000 - 0x00007fff4c1ec000 	C:\WINDOWS\SYSTEM32\dbgcore.DLL
0x00007fff5d3c0000 - 0x00007fff5d440000 	C:\WINDOWS\System32\bcryptPrimitives.dll
0x00007fff4c460000 - 0x00007fff4c485000 	C:\Program Files\Java\jdk-15.0.1\bin\java.dll

dbghelp: loaded successfully - version: 4.0.5 - missing functions: none
symbol engine: initialized successfully - sym options: 0x614 - pdb path: .;C:\Program Files\Java\jdk-15.0.1\bin;C:\WINDOWS\SYSTEM32;C:\WINDOWS\WinSxS\amd64_microsoft.windows.common-controls_6595b64144ccf1df_6.0.19041.746_none_ca02b4b61b8320a4;C:\Program Files\Java\jdk-15.0.1\bin\server

VM Arguments:
jvm_args: -Dfile.encoding=UTF-8 --module-path=C:\Users\Ricardo\Documents\NetBeansProjects\myLibrary\build\classes 
java_command: mylibrary.Login
java_class_path (initial): C:\Program Files\NetBeans-12.2\netbeans\java\modules\ext\eclipselink\org.eclipse.persistence.core-2.7.7.jar;C:\Program Files\NetBeans-12.2\netbeans\java\modules\ext\eclipselink\org.eclipse.persistence.asm-2.7.7.jar;C:\Program Files\NetBeans-12.2\netbeans\java\modules\ext\eclipselink\org.eclipse.persistence.antlr-2.7.7.jar;C:\Program Files\NetBeans-12.2\netbeans\java\modules\ext\eclipselink\org.eclipse.persistence.jpa-2.7.7.jar;C:\Program Files\NetBeans-12.2\netbeans\java\modules\ext\eclipselink\org.eclipse.persistence.jpa.jpql-2.7.7.jar;C:\Program Files\NetBeans-12.2\netbeans\java\modules\ext\eclipselink\org.eclipse.persistence.moxy-2.7.7.jar;C:\Program Files\NetBeans-12.2\netbeans\java\modules\ext\eclipselink\javax.persistence-2.2.1.jar;C:\Users\Ricardo\Desktop\mysql-connector-java-8.0.22.jar;C:\Users\Ricardo\Downloads\jcalendar-1.4.jar\jcalendar-1.4.jar;C:\Users\Ricardo\Documents\NetBeansProjects\myLibrary\build\classes
Launcher Type: SUN_STANDARD

[Global flags]
     intx CICompilerCount                          = 3                                         {product} {ergonomic}
     uint ConcGCThreads                            = 1                                         {product} {ergonomic}
     uint G1ConcRefinementThreads                  = 4                                         {product} {ergonomic}
   size_t G1HeapRegionSize                         = 1048576                                   {product} {ergonomic}
    uintx GCDrainStackTargetSize                   = 64                                        {product} {ergonomic}
   size_t InitialHeapSize                          = 134217728                                 {product} {ergonomic}
   size_t MarkStackSize                            = 4194304                                   {product} {ergonomic}
   size_t MaxHeapSize                              = 2147483648                                {product} {ergonomic}
   size_t MinHeapDeltaBytes                        = 1048576                                   {product} {ergonomic}
   size_t MinHeapSize                              = 8388608                                   {product} {ergonomic}
    uintx NonNMethodCodeHeapSize                   = 5832780                                {pd product} {ergonomic}
    uintx NonProfiledCodeHeapSize                  = 122912730                              {pd product} {ergonomic}
    uintx ProfiledCodeHeapSize                     = 122912730                              {pd product} {ergonomic}
    uintx ReservedCodeCacheSize                    = 251658240                              {pd product} {ergonomic}
     bool SegmentedCodeCache                       = true                                      {product} {ergonomic}
   size_t SoftMaxHeapSize                          = 2147483648                             {manageable} {ergonomic}
     bool UseCompressedClassPointers               = true                                 {lp64_product} {ergonomic}
     bool UseCompressedOops                        = true                                 {lp64_product} {ergonomic}
     bool UseG1GC                                  = true                                      {product} {ergonomic}
     bool UseLargePagesIndividualAllocation        = false                                  {pd product} {ergonomic}

Logging:
Log output configuration:
 #0: stdout all=warning uptime,level,tags
 #1: stderr all=off uptime,level,tags

Environment Variables:
PATH=C:\Program Files\Common Files\Oracle\Java\javapath;C:\WINDOWS\system32;C:\WINDOWS;C:\WINDOWS\System32\Wbem;C:\WINDOWS\System32\WindowsPowerShell\v1.0\;C:\WINDOWS\System32\OpenSSH\;C:\Program Files\Git\cmd;C:\Program Files\MySQL\MySQL Shell 8.0\bin\;C:\Users\Ricardo\AppData\Local\Microsoft\WindowsApps;C:\Users\Ricardo\AppData\Local\Programs\Microsoft VS Code\bin;C:\xampp\php;
USERNAME=Ricardo
OS=Windows_NT
PROCESSOR_IDENTIFIER=Intel64 Family 6 Model 165 Stepping 2, GenuineIntel



---------------  S Y S T E M  ---------------

OS:
 Windows 10 , 64 bit Build 19041 (10.0.19041.804)
OS uptime: 3 days 22:18 hours
VMWare virtualization detected

CPU: total 4 (initial active 4) (2 cores per cpu, 1 threads per core) family 6 model 165 stepping 2 microcode 0xc8, cmov, cx8, fxsr, mmx, sse, sse2, sse3, ssse3, sse4.1, sse4.2, popcnt, vzeroupper, avx, avx2, aes, clmul, erms, 3dnowpref, lzcnt, tsc, tscinvbit, bmi1, bmi2, adx, fma, clflush, clflushopt

Memory: 4k page, system-wide physical 8191M (1242M free)
TotalPageFile size 8191M (AvailPageFile size 5M)
current process WorkingSet (physical memory assigned to process): 10M, peak: 10M
current process commit charge ("private bytes"): 180M, peak: 182M

vm_info: Java HotSpot(TM) 64-Bit Server VM (15.0.1+9-18) for windows-amd64 JRE (15.0.1+9-18), built on Sep 15 2020 14:43:54 by "mach5one" with unknown MS VC++:1925

END.
